<?xml version="1.0" encoding="UTF-8"?>
<testsuite xmlns:xsi="http://www.w3.org/2001/XMLSchema-instance" xsi:noNamespaceSchemaLocation="https://maven.apache.org/surefire/maven-surefire-plugin/xsd/surefire-test-report.xsd" name="myNiceStructures.trees.TreeTest" time="0.067" tests="22" errors="7" skipped="0" failures="2">
  <properties>
    <property name="java.specification.version" value="17"/>
    <property name="sun.cpu.isalist" value="amd64"/>
    <property name="sun.jnu.encoding" value="Cp1252"/>
    <property name="java.class.path" value="H:\r302\myNiceStructures\target\test-classes;H:\r302\myNiceStructures\target\classes;C:\Users\i2404816\.m2\repository\org\junit\jupiter\junit-jupiter-api\5.9.1\junit-jupiter-api-5.9.1.jar;C:\Users\i2404816\.m2\repository\org\opentest4j\opentest4j\1.2.0\opentest4j-1.2.0.jar;C:\Users\i2404816\.m2\repository\org\junit\platform\junit-platform-commons\1.9.1\junit-platform-commons-1.9.1.jar;C:\Users\i2404816\.m2\repository\org\apiguardian\apiguardian-api\1.1.2\apiguardian-api-1.1.2.jar;C:\Users\i2404816\.m2\repository\org\junit\jupiter\junit-jupiter-params\5.9.1\junit-jupiter-params-5.9.1.jar;C:\Users\i2404816\.m2\repository\org\junit\jupiter\junit-jupiter-engine\5.9.1\junit-jupiter-engine-5.9.1.jar;C:\Users\i2404816\.m2\repository\org\junit\platform\junit-platform-engine\1.9.1\junit-platform-engine-1.9.1.jar;"/>
    <property name="java.vm.vendor" value="Eclipse Adoptium"/>
    <property name="sun.arch.data.model" value="64"/>
    <property name="user.variant" value=""/>
    <property name="java.vendor.url" value="https://adoptium.net/"/>
    <property name="user.timezone" value="Europe/Paris"/>
    <property name="os.name" value="Windows 11"/>
    <property name="java.vm.specification.version" value="17"/>
    <property name="sun.java.launcher" value="SUN_STANDARD"/>
    <property name="user.country" value="FR"/>
    <property name="sun.boot.library.path" value="D:\Applications_Portable_NE_PAS_EFFACER\eclipse-java-2022\plugins\org.eclipse.justj.openjdk.hotspot.jre.full.win32.x86_64_17.0.2.v20220201-1208\jre\bin"/>
    <property name="sun.java.command" value="C:\Users\i2404816\AppData\Local\Temp\surefire12880242113274601860\surefirebooter6413246448969910282.jar C:\Users\i2404816\AppData\Local\Temp\surefire12880242113274601860 2025-12-18T13-04-46_674-jvmRun1 surefire7868570284774855439tmp surefire_04490455260911488526tmp"/>
    <property name="jdk.debug" value="release"/>
    <property name="surefire.test.class.path" value="H:\r302\myNiceStructures\target\test-classes;H:\r302\myNiceStructures\target\classes;C:\Users\i2404816\.m2\repository\org\junit\jupiter\junit-jupiter-api\5.9.1\junit-jupiter-api-5.9.1.jar;C:\Users\i2404816\.m2\repository\org\opentest4j\opentest4j\1.2.0\opentest4j-1.2.0.jar;C:\Users\i2404816\.m2\repository\org\junit\platform\junit-platform-commons\1.9.1\junit-platform-commons-1.9.1.jar;C:\Users\i2404816\.m2\repository\org\apiguardian\apiguardian-api\1.1.2\apiguardian-api-1.1.2.jar;C:\Users\i2404816\.m2\repository\org\junit\jupiter\junit-jupiter-params\5.9.1\junit-jupiter-params-5.9.1.jar;C:\Users\i2404816\.m2\repository\org\junit\jupiter\junit-jupiter-engine\5.9.1\junit-jupiter-engine-5.9.1.jar;C:\Users\i2404816\.m2\repository\org\junit\platform\junit-platform-engine\1.9.1\junit-platform-engine-1.9.1.jar;"/>
    <property name="sun.cpu.endian" value="little"/>
    <property name="user.home" value="C:\Users\i2404816"/>
    <property name="user.language" value="fr"/>
    <property name="java.specification.vendor" value="Oracle Corporation"/>
    <property name="java.version.date" value="2022-01-18"/>
    <property name="java.home" value="D:\Applications_Portable_NE_PAS_EFFACER\eclipse-java-2022\plugins\org.eclipse.justj.openjdk.hotspot.jre.full.win32.x86_64_17.0.2.v20220201-1208\jre"/>
    <property name="file.separator" value="\"/>
    <property name="basedir" value="H:\r302\myNiceStructures"/>
    <property name="java.vm.compressedOopsMode" value="Zero based"/>
    <property name="line.separator" value="&#10;"/>
    <property name="java.vm.specification.vendor" value="Oracle Corporation"/>
    <property name="java.specification.name" value="Java Platform API Specification"/>
    <property name="surefire.real.class.path" value="C:\Users\i2404816\AppData\Local\Temp\surefire12880242113274601860\surefirebooter6413246448969910282.jar"/>
    <property name="user.script" value=""/>
    <property name="sun.management.compiler" value="HotSpot 64-Bit Tiered Compilers"/>
    <property name="java.runtime.version" value="17.0.2+8"/>
    <property name="user.name" value="i2404816"/>
    <property name="path.separator" value=";"/>
    <property name="os.version" value="10.0"/>
    <property name="java.runtime.name" value="OpenJDK Runtime Environment"/>
    <property name="file.encoding" value="Cp1252"/>
    <property name="java.vm.name" value="OpenJDK 64-Bit Server VM"/>
    <property name="java.vendor.version" value="Temurin-17.0.2+8"/>
    <property name="localRepository" value="C:\Users\i2404816\.m2\repository"/>
    <property name="java.vendor.url.bug" value="https://github.com/adoptium/adoptium-support/issues"/>
    <property name="java.io.tmpdir" value="C:\Users\i2404816\AppData\Local\Temp\"/>
    <property name="java.version" value="17.0.2"/>
    <property name="user.dir" value="H:\r302\myNiceStructures"/>
    <property name="os.arch" value="amd64"/>
    <property name="java.vm.specification.name" value="Java Virtual Machine Specification"/>
    <property name="sun.os.patch.level" value=""/>
    <property name="native.encoding" value="Cp1252"/>
    <property name="java.library.path" value="D:\Applications_Portable_NE_PAS_EFFACER\eclipse-java-2022\plugins\org.eclipse.justj.openjdk.hotspot.jre.full.win32.x86_64_17.0.2.v20220201-1208\jre\bin;C:\WINDOWS\Sun\Java\bin;C:\WINDOWS\system32;C:\WINDOWS;D:/Applications_Portable_NE_PAS_EFFACER/eclipse-java-2022//plugins/org.eclipse.justj.openjdk.hotspot.jre.full.win32.x86_64_17.0.2.v20220201-1208/jre/bin/server;D:/Applications_Portable_NE_PAS_EFFACER/eclipse-java-2022//plugins/org.eclipse.justj.openjdk.hotspot.jre.full.win32.x86_64_17.0.2.v20220201-1208/jre/bin;C:\Program Files\ImageMagick-7.1.2-Q16-HDRI;C:\Program Files\Common Files\Oracle\Java\javapath;C:\Program Files\Python312\Scripts\;C:\Program Files\Python312\;C:\Program Files (x86)\Common Files\Oracle\Java\java8path;C:\Program Files (x86)\Common Files\Oracle\Java\javapath;C:\WINDOWS\system32;C:\WINDOWS;C:\WINDOWS\System32\Wbem;C:\WINDOWS\System32\WindowsPowerShell\v1.0\;C:\WINDOWS\System32\OpenSSH\;C:\Program Files\dotnet\;C:\Program Files (x86)\dotnet\;C:\Program Files (x86)\wapt;C:\Program Files (x86)\PowerShell\7\;C:\Program Files\7-Zip;C:\Program Files (x86)\Windows Live\Shared;C:\Program Files (x86)\Intel\Intel(R) Management Engine Components\DAL;C:\Program Files\Intel\Intel(R) Management Engine Components\DAL;C:\Program Files\gnuplot\bin;C:\Program Files\gs\gs10.00.0\bin;C:\Program Files\Microsoft SQL Server\Client SDK\ODBC\170\Tools\Binn\;C:\Program Files\Docker\Docker\resources\bin;D:\Applications_Portable_NE_PAS_EFFACER\android-sdk\tools;D:\Applications_Portable_NE_PAS_EFFACER\android-sdk\tools\bin;D:\Applications_Portable_NE_PAS_EFFACER\android-sdk\platform-tools;D:\VSCode\flutter\bin;C:\Program Files (x86)\IVI Foundation\VISA\WinNT\Bin;C:\Program Files\leJOS EV3\bin;C:\Program Files (x86)\Microsoft SQL Server\150\DTS\Binn\;C:\Program Files\Azure Data Studio\bin;C:\Program Files (x86)\Microsoft SQL Server\150\Tools\Binn\;C:\Program Files\Microsoft SQL Server\150\Tools\Binn\;C:\Program Files\Microsoft SQL Server\150\DTS\Binn\;C:\Program Files\PowerShell\7\;C:\Program Files\Git\cmd;C:\Program Files\nodejs\;C:\Users\i2404816\AppData\Local\Microsoft\WindowsApps;;D:\Applications_Portable_NE_PAS_EFFACER\eclipse-java-2022;;."/>
    <property name="java.vm.info" value="mixed mode"/>
    <property name="java.vendor" value="Eclipse Adoptium"/>
    <property name="java.vm.version" value="17.0.2+8"/>
    <property name="sun.io.unicode.encoding" value="UnicodeLittle"/>
    <property name="java.class.version" value="61.0"/>
  </properties>
  <testcase name="testIteratorPrefix" classname="myNiceStructures.trees.TreeTest" time="0">
    <error message="Cannot invoke &quot;java.util.Iterator.hasNext()&quot; because &quot;it&quot; is null" type="java.lang.NullPointerException">java.lang.NullPointerException: Cannot invoke "java.util.Iterator.hasNext()" because "it" is null
	at myNiceStructures.trees.TreeTest.testIteratorPrefix(TreeTest.java:211)
</error>
  </testcase>
  <testcase name="testIteratorSuffix" classname="myNiceStructures.trees.TreeTest" time="0">
    <error message="Cannot invoke &quot;java.util.Iterator.hasNext()&quot; because &quot;it&quot; is null" type="java.lang.NullPointerException">java.lang.NullPointerException: Cannot invoke "java.util.Iterator.hasNext()" because "it" is null
	at myNiceStructures.trees.TreeTest.testIteratorSuffix(TreeTest.java:224)
</error>
  </testcase>
  <testcase name="testDefaultIterator" classname="myNiceStructures.trees.TreeTest" time="0">
    <error message="Cannot invoke &quot;java.util.Iterator.hasNext()&quot; because &quot;&lt;local5&gt;&quot; is null" type="java.lang.NullPointerException"><![CDATA[java.lang.NullPointerException: Cannot invoke "java.util.Iterator.hasNext()" because "<local5>" is null
	at myNiceStructures.trees.TreeTest.testDefaultIterator(TreeTest.java:252)
]]></error>
  </testcase>
  <testcase name="testProcessNodesSuffixBigTree" classname="myNiceStructures.trees.TreeTest" time="0">
    <error type="java.lang.StackOverflowError">java.lang.StackOverflowError
</error>
  </testcase>
  <testcase name="testGetNumNodesBigTree" classname="myNiceStructures.trees.TreeTest" time="0">
    <error type="java.lang.StackOverflowError">java.lang.StackOverflowError
</error>
  </testcase>
  <testcase name="testGetNumLeavesBigTree" classname="myNiceStructures.trees.TreeTest" time="0">
    <error type="java.lang.StackOverflowError">java.lang.StackOverflowError
</error>
  </testcase>
  <testcase name="testProcessNodesPrefixIterator" classname="myNiceStructures.trees.TreeTest" time="0">
    <failure message="Parcours invalide ==&gt; expected: &lt;a, b, c, d, e, f, g, h&gt; but was: &lt;c, e, d, b, g, f, h, a&gt;" type="org.opentest4j.AssertionFailedError"><![CDATA[org.opentest4j.AssertionFailedError: Parcours invalide ==> expected: <a, b, c, d, e, f, g, h> but was: <c, e, d, b, g, f, h, a>
	at myNiceStructures.trees.TreeTest.testProcessNodesPrefixIterator(TreeTest.java:151)
]]></failure>
  </testcase>
  <testcase name="testGetNumNodes" classname="myNiceStructures.trees.TreeTest" time="0"/>
  <testcase name="testGetRoot" classname="myNiceStructures.trees.TreeTest" time="0"/>
  <testcase name="testProcessNodesWidth" classname="myNiceStructures.trees.TreeTest" time="0"/>
  <testcase name="testContains" classname="myNiceStructures.trees.TreeTest" time="0"/>
  <testcase name="testProcessNodesWidthBigTree" classname="myNiceStructures.trees.TreeTest" time="0.028"/>
  <testcase name="testIteratorWidth" classname="myNiceStructures.trees.TreeTest" time="0.003">
    <failure message="Parcours invalide ==&gt; expected: &lt;a, b, f, h, c, d, g, e&gt; but was: &lt;b, h, d, e&gt;" type="org.opentest4j.AssertionFailedError"><![CDATA[org.opentest4j.AssertionFailedError: Parcours invalide ==> expected: <a, b, f, h, c, d, g, e> but was: <b, h, d, e>
	at myNiceStructures.trees.TreeTest.testIteratorWidth(TreeTest.java:244)
]]></failure>
    <system-out><![CDATA[a, b, f, h, c, d, g, e
a
f
c
g
b, h, d, e
]]></system-out>
  </testcase>
  <testcase name="testProcessNodesPrefixBigTree" classname="myNiceStructures.trees.TreeTest" time="0.016"/>
  <testcase name="testGetForest" classname="myNiceStructures.trees.TreeTest" time="0.005"/>
  <testcase name="testGetHeight" classname="myNiceStructures.trees.TreeTest" time="0"/>
  <testcase name="testProcessNodesPrefix" classname="myNiceStructures.trees.TreeTest" time="0"/>
  <testcase name="testProcessNodesSuffix" classname="myNiceStructures.trees.TreeTest" time="0"/>
  <testcase name="testProcessNodesSuffixIterator" classname="myNiceStructures.trees.TreeTest" time="0"/>
  <testcase name="testIsLeaf" classname="myNiceStructures.trees.TreeTest" time="0.001"/>
  <testcase name="testGetHeightBigTree" classname="myNiceStructures.trees.TreeTest" time="0.006">
    <error type="java.lang.StackOverflowError">java.lang.StackOverflowError
</error>
  </testcase>
  <testcase name="testGetNumLeaves" classname="myNiceStructures.trees.TreeTest" time="0"/>
</testsuite>