<?xml version="1.0" encoding="UTF-8"?>
<testsuite xmlns:xsi="http://www.w3.org/2001/XMLSchema-instance" xsi:noNamespaceSchemaLocation="https://maven.apache.org/surefire/maven-surefire-plugin/xsd/surefire-test-report.xsd" name="myNiceStructures.trees.BinarySearchTreeTest" time="0.017" tests="30" errors="3" skipped="0" failures="12">
  <properties>
[...]
</properties>
  <testcase name="testRootRSTDeletion" classname="myNiceStructures.trees.BinarySearchTreeTest" time="0">
    <failure message="La racine devrait être 2 ==&gt; expected: &lt;2&gt; but was: &lt;1&gt;" type="org.opentest4j.AssertionFailedError"><![CDATA[org.opentest4j.AssertionFailedError: La racine devrait être 2 ==> expected: <2> but was: <1>
	at myNiceStructures.trees.BinarySearchTreeTest.testRootRSTDeletion(BinarySearchTreeTest.java:310)
]]></failure>
  </testcase>
  <testcase name="testFindSubTree" classname="myNiceStructures.trees.BinarySearchTreeTest" time="0">
    <failure message="la recherche devrait être fructueuse ==&gt; expected: not &lt;null&gt;" type="org.opentest4j.AssertionFailedError"><![CDATA[org.opentest4j.AssertionFailedError: la recherche devrait être fructueuse ==> expected: not <null>
	at myNiceStructures.trees.BinarySearchTreeTest.testFindSubTree(BinarySearchTreeTest.java:238)
]]></failure>
  </testcase>
  <testcase name="testIteratorPrefix" classname="myNiceStructures.trees.BinarySearchTreeTest" time="0">
    <error message="Cannot invoke &quot;java.util.Iterator.hasNext()&quot; because &quot;it&quot; is null" type="java.lang.NullPointerException">java.lang.NullPointerException: Cannot invoke "java.util.Iterator.hasNext()" because "it" is null
	at myNiceStructures.trees.BinarySearchTreeTest.testIteratorPrefix(BinarySearchTreeTest.java:187)
</error>
  </testcase>
  <testcase name="testAdd" classname="myNiceStructures.trees.BinarySearchTreeTest" time="0"/>
  <testcase name="testIteratorSuffix" classname="myNiceStructures.trees.BinarySearchTreeTest" time="0">
    <error message="Cannot invoke &quot;java.util.Iterator.hasNext()&quot; because &quot;it&quot; is null" type="java.lang.NullPointerException">java.lang.NullPointerException: Cannot invoke "java.util.Iterator.hasNext()" because "it" is null
	at myNiceStructures.trees.BinarySearchTreeTest.testIteratorSuffix(BinarySearchTreeTest.java:200)
</error>
  </testcase>
  <testcase name="testDefaultIterator" classname="myNiceStructures.trees.BinarySearchTreeTest" time="0">
    <error message="Cannot invoke &quot;java.util.Iterator.hasNext()&quot; because &quot;&lt;local5&gt;&quot; is null" type="java.lang.NullPointerException"><![CDATA[java.lang.NullPointerException: Cannot invoke "java.util.Iterator.hasNext()" because "<local5>" is null
	at myNiceStructures.trees.BinarySearchTreeTest.testDefaultIterator(BinarySearchTreeTest.java:225)
]]></error>
  </testcase>
  <testcase name="testLSTDeletion" classname="myNiceStructures.trees.BinarySearchTreeTest" time="0">
    <failure message="root-&gt;sag devrait être égal à 1 ==&gt; expected: &lt;1&gt; but was: &lt;2&gt;" type="org.opentest4j.AssertionFailedError"><![CDATA[org.opentest4j.AssertionFailedError: root->sag devrait être égal à 1 ==> expected: <1> but was: <2>
	at myNiceStructures.trees.BinarySearchTreeTest.testLSTDeletion(BinarySearchTreeTest.java:383)
]]></failure>
  </testcase>
  <testcase name="testConstruction" classname="myNiceStructures.trees.BinarySearchTreeTest" time="0"/>
  <testcase name="testRootLSTLSTDeletion" classname="myNiceStructures.trees.BinarySearchTreeTest" time="0">
    <failure message="La racine devrait être 3 ==&gt; expected: &lt;3&gt; but was: &lt;4&gt;" type="org.opentest4j.AssertionFailedError"><![CDATA[org.opentest4j.AssertionFailedError: La racine devrait être 3 ==> expected: <3> but was: <4>
	at myNiceStructures.trees.BinarySearchTreeTest.testRootLSTLSTDeletion(BinarySearchTreeTest.java:323)
]]></failure>
  </testcase>
  <testcase name="testGetNumNodes" classname="myNiceStructures.trees.BinarySearchTreeTest" time="0"/>
  <testcase name="testGetRoot" classname="myNiceStructures.trees.BinarySearchTreeTest" time="0"/>
  <testcase name="testProcessNodesWidth" classname="myNiceStructures.trees.BinarySearchTreeTest" time="0"/>
  <testcase name="testUpdateForest" classname="myNiceStructures.trees.BinarySearchTreeTest" time="0"/>
  <testcase name="testConstructionRacineNulle" classname="myNiceStructures.trees.BinarySearchTreeTest" time="0">
    <failure message="Il ne devrait pas être possible de construire un ABR avec une racine nulle ==&gt; Unexpected exception type thrown, expected: &lt;java.lang.NullPointerException&gt; but was: &lt;java.lang.IllegalArgumentException&gt;" type="org.opentest4j.AssertionFailedError"><![CDATA[org.opentest4j.AssertionFailedError: Il ne devrait pas être possible de construire un ABR avec une racine nulle ==> Unexpected exception type thrown, expected: <java.lang.NullPointerException> but was: <java.lang.IllegalArgumentException>
	at myNiceStructures.trees.BinarySearchTreeTest.testConstructionRacineNulle(BinarySearchTreeTest.java:68)
Caused by: java.lang.IllegalArgumentException: root ne peut pas être null
	at myNiceStructures.trees.BinarySearchTreeTest.lambda$0(BinarySearchTreeTest.java:69)
	at myNiceStructures.trees.BinarySearchTreeTest.testConstructionRacineNulle(BinarySearchTreeTest.java:68)
]]></failure>
  </testcase>
  <testcase name="testContains" classname="myNiceStructures.trees.BinarySearchTreeTest" time="0">
    <failure message="21 devrait être trouvé ==&gt; expected: &lt;true&gt; but was: &lt;false&gt;" type="org.opentest4j.AssertionFailedError"><![CDATA[org.opentest4j.AssertionFailedError: 21 devrait être trouvé ==> expected: <true> but was: <false>
	at myNiceStructures.trees.BinarySearchTreeTest.testContains(BinarySearchTreeTest.java:247)
]]></failure>
  </testcase>
  <testcase name="testRootLSTDeletion" classname="myNiceStructures.trees.BinarySearchTreeTest" time="0">
    <failure message="La racine devrait être 2 ==&gt; expected: &lt;2&gt; but was: &lt;3&gt;" type="org.opentest4j.AssertionFailedError"><![CDATA[org.opentest4j.AssertionFailedError: La racine devrait être 2 ==> expected: <2> but was: <3>
	at myNiceStructures.trees.BinarySearchTreeTest.testRootLSTDeletion(BinarySearchTreeTest.java:297)
]]></failure>
  </testcase>
  <testcase name="testRSTDeletion" classname="myNiceStructures.trees.BinarySearchTreeTest" time="0">
    <failure message="root-&gt;sad devrait être égal à 5 ==&gt; expected: &lt;5&gt; but was: &lt;6&gt;" type="org.opentest4j.AssertionFailedError"><![CDATA[org.opentest4j.AssertionFailedError: root->sad devrait être égal à 5 ==> expected: <5> but was: <6>
	at myNiceStructures.trees.BinarySearchTreeTest.testRSTDeletion(BinarySearchTreeTest.java:441)
]]></failure>
  </testcase>
  <testcase name="testLSTLeafDeletion" classname="myNiceStructures.trees.BinarySearchTreeTest" time="0">
    <failure message="root-&gt;sag-&gt;sag devrait être null ==&gt; expected: &lt;true&gt; but was: &lt;false&gt;" type="org.opentest4j.AssertionFailedError"><![CDATA[org.opentest4j.AssertionFailedError: root->sag->sag devrait être null ==> expected: <true> but was: <false>
	at myNiceStructures.trees.BinarySearchTreeTest.testLSTLeafDeletion(BinarySearchTreeTest.java:361)
]]></failure>
  </testcase>
  <testcase name="testImpossibleRootDeletion" classname="myNiceStructures.trees.BinarySearchTreeTest" time="0">
    <failure message="Retirer la valeur d&apos;un ABR ne contenant que cette valeur devrait être impossible ==&gt; Expected myNiceStructures.trees.exceptions.ImpossibleDeletion to be thrown, but nothing was thrown." type="org.opentest4j.AssertionFailedError">org.opentest4j.AssertionFailedError: Retirer la valeur d'un ABR ne contenant que cette valeur devrait être impossible ==> Expected myNiceStructures.trees.exceptions.ImpossibleDeletion to be thrown, but nothing was thrown.
	at myNiceStructures.trees.BinarySearchTreeTest.testImpossibleRootDeletion(BinarySearchTreeTest.java:287)
</failure>
  </testcase>
  <testcase name="testIteratorWidth" classname="myNiceStructures.trees.BinarySearchTreeTest" time="0.01"/>
  <testcase name="testGetForest" classname="myNiceStructures.trees.BinarySearchTreeTest" time="0"/>
  <testcase name="testGetHeight" classname="myNiceStructures.trees.BinarySearchTreeTest" time="0"/>
  <testcase name="testProcessNodesPrefix" classname="myNiceStructures.trees.BinarySearchTreeTest" time="0"/>
  <testcase name="testProcessNodesSuffix" classname="myNiceStructures.trees.BinarySearchTreeTest" time="0.001"/>
  <testcase name="testGetMax" classname="myNiceStructures.trees.BinarySearchTreeTest" time="0"/>
  <testcase name="testGetMin" classname="myNiceStructures.trees.BinarySearchTreeTest" time="0"/>
  <testcase name="testIsLeaf" classname="myNiceStructures.trees.BinarySearchTreeTest" time="0.001"/>
  <testcase name="testRSTLeafDeletion" classname="myNiceStructures.trees.BinarySearchTreeTest" time="0">
    <failure message="root-&gt;sag-&gt;sad ne devrait pas être null ==&gt; expected: not &lt;null&gt;" type="org.opentest4j.AssertionFailedError"><![CDATA[org.opentest4j.AssertionFailedError: root->sag->sad ne devrait pas être null ==> expected: not <null>
	at myNiceStructures.trees.BinarySearchTreeTest.testRSTLeafDeletion(BinarySearchTreeTest.java:419)
]]></failure>
  </testcase>
  <testcase name="testSetRoot" classname="myNiceStructures.trees.BinarySearchTreeTest" time="0.001">
    <failure message="Redéfinir la racine d&apos;un ABR devrait être impossible ==&gt; Unexpected exception type thrown, expected: &lt;java.lang.UnsupportedOperationException&gt; but was: &lt;java.lang.IllegalAccessError&gt;" type="org.opentest4j.AssertionFailedError"><![CDATA[org.opentest4j.AssertionFailedError: Redéfinir la racine d'un ABR devrait être impossible ==> Unexpected exception type thrown, expected: <java.lang.UnsupportedOperationException> but was: <java.lang.IllegalAccessError>
	at myNiceStructures.trees.BinarySearchTreeTest.testSetRoot(BinarySearchTreeTest.java:84)
Caused by: java.lang.IllegalAccessError: Impossible de mettre des valeurs dans BinarySearchTreeImpl -> setRoot()
	at myNiceStructures.trees.BinarySearchTreeTest.lambda$1(BinarySearchTreeTest.java:85)
	at myNiceStructures.trees.BinarySearchTreeTest.testSetRoot(BinarySearchTreeTest.java:84)
]]></failure>
  </testcase>
  <testcase name="testGetNumLeaves" classname="myNiceStructures.trees.BinarySearchTreeTest" time="0.001"/>
</testsuite>