<?xml version="1.0" encoding="UTF-8"?>
<testsuite xmlns:xsi="http://www.w3.org/2001/XMLSchema-instance" xsi:noNamespaceSchemaLocation="https://maven.apache.org/surefire/maven-surefire-plugin/xsd/surefire-test-report.xsd" name="myNiceStructures.trees.BinarySearchTreeTest" time="0.017" tests="30" errors="3" skipped="0" failures="12">
  <properties>
    <property name="java.specification.version" value="17"/>
    <property name="sun.cpu.isalist" value="amd64"/>
    <property name="sun.jnu.encoding" value="Cp1252"/>
    <property name="java.class.path" value="H:\r302\myNiceStructures\target\test-classes;H:\r302\myNiceStructures\target\classes;C:\Users\i2404816\.m2\repository\org\junit\jupiter\junit-jupiter-api\5.9.1\junit-jupiter-api-5.9.1.jar;C:\Users\i2404816\.m2\repository\org\opentest4j\opentest4j\1.2.0\opentest4j-1.2.0.jar;C:\Users\i2404816\.m2\repository\org\junit\platform\junit-platform-commons\1.9.1\junit-platform-commons-1.9.1.jar;C:\Users\i2404816\.m2\repository\org\apiguardian\apiguardian-api\1.1.2\apiguardian-api-1.1.2.jar;C:\Users\i2404816\.m2\repository\org\junit\jupiter\junit-jupiter-params\5.9.1\junit-jupiter-params-5.9.1.jar;C:\Users\i2404816\.m2\repository\org\junit\jupiter\junit-jupiter-engine\5.9.1\junit-jupiter-engine-5.9.1.jar;C:\Users\i2404816\.m2\repository\org\junit\platform\junit-platform-engine\1.9.1\junit-platform-engine-1.9.1.jar;"/>
    <property name="java.vm.vendor" value="Eclipse Adoptium"/>
    <property name="sun.arch.data.model" value="64"/>
    <property name="user.variant" value=""/>
    <property name="java.vendor.url" value="https://adoptium.net/"/>
    <property name="user.timezone" value="Europe/Paris"/>
    <property name="os.name" value="Windows 11"/>
    <property name="java.vm.specification.version" value="17"/>
    <property name="sun.java.launcher" value="SUN_STANDARD"/>
    <property name="user.country" value="FR"/>
    <property name="sun.boot.library.path" value="D:\Applications_Portable_NE_PAS_EFFACER\eclipse-java-2022\plugins\org.eclipse.justj.openjdk.hotspot.jre.full.win32.x86_64_17.0.2.v20220201-1208\jre\bin"/>
    <property name="sun.java.command" value="C:\Users\i2404816\AppData\Local\Temp\surefire12880242113274601860\surefirebooter6413246448969910282.jar C:\Users\i2404816\AppData\Local\Temp\surefire12880242113274601860 2025-12-18T13-04-46_674-jvmRun1 surefire7868570284774855439tmp surefire_04490455260911488526tmp"/>
    <property name="jdk.debug" value="release"/>
    <property name="surefire.test.class.path" value="H:\r302\myNiceStructures\target\test-classes;H:\r302\myNiceStructures\target\classes;C:\Users\i2404816\.m2\repository\org\junit\jupiter\junit-jupiter-api\5.9.1\junit-jupiter-api-5.9.1.jar;C:\Users\i2404816\.m2\repository\org\opentest4j\opentest4j\1.2.0\opentest4j-1.2.0.jar;C:\Users\i2404816\.m2\repository\org\junit\platform\junit-platform-commons\1.9.1\junit-platform-commons-1.9.1.jar;C:\Users\i2404816\.m2\repository\org\apiguardian\apiguardian-api\1.1.2\apiguardian-api-1.1.2.jar;C:\Users\i2404816\.m2\repository\org\junit\jupiter\junit-jupiter-params\5.9.1\junit-jupiter-params-5.9.1.jar;C:\Users\i2404816\.m2\repository\org\junit\jupiter\junit-jupiter-engine\5.9.1\junit-jupiter-engine-5.9.1.jar;C:\Users\i2404816\.m2\repository\org\junit\platform\junit-platform-engine\1.9.1\junit-platform-engine-1.9.1.jar;"/>
    <property name="sun.cpu.endian" value="little"/>
    <property name="user.home" value="C:\Users\i2404816"/>
    <property name="user.language" value="fr"/>
    <property name="java.specification.vendor" value="Oracle Corporation"/>
    <property name="java.version.date" value="2022-01-18"/>
    <property name="java.home" value="D:\Applications_Portable_NE_PAS_EFFACER\eclipse-java-2022\plugins\org.eclipse.justj.openjdk.hotspot.jre.full.win32.x86_64_17.0.2.v20220201-1208\jre"/>
    <property name="file.separator" value="\"/>
    <property name="basedir" value="H:\r302\myNiceStructures"/>
    <property name="java.vm.compressedOopsMode" value="Zero based"/>
    <property name="line.separator" value="&#10;"/>
    <property name="java.vm.specification.vendor" value="Oracle Corporation"/>
    <property name="java.specification.name" value="Java Platform API Specification"/>
    <property name="surefire.real.class.path" value="C:\Users\i2404816\AppData\Local\Temp\surefire12880242113274601860\surefirebooter6413246448969910282.jar"/>
    <property name="user.script" value=""/>
    <property name="sun.management.compiler" value="HotSpot 64-Bit Tiered Compilers"/>
    <property name="java.runtime.version" value="17.0.2+8"/>
    <property name="user.name" value="i2404816"/>
    <property name="path.separator" value=";"/>
    <property name="os.version" value="10.0"/>
    <property name="java.runtime.name" value="OpenJDK Runtime Environment"/>
    <property name="file.encoding" value="Cp1252"/>
    <property name="java.vm.name" value="OpenJDK 64-Bit Server VM"/>
    <property name="java.vendor.version" value="Temurin-17.0.2+8"/>
    <property name="localRepository" value="C:\Users\i2404816\.m2\repository"/>
    <property name="java.vendor.url.bug" value="https://github.com/adoptium/adoptium-support/issues"/>
    <property name="java.io.tmpdir" value="C:\Users\i2404816\AppData\Local\Temp\"/>
    <property name="java.version" value="17.0.2"/>
    <property name="user.dir" value="H:\r302\myNiceStructures"/>
    <property name="os.arch" value="amd64"/>
    <property name="java.vm.specification.name" value="Java Virtual Machine Specification"/>
    <property name="sun.os.patch.level" value=""/>
    <property name="native.encoding" value="Cp1252"/>
    <property name="java.library.path" value="D:\Applications_Portable_NE_PAS_EFFACER\eclipse-java-2022\plugins\org.eclipse.justj.openjdk.hotspot.jre.full.win32.x86_64_17.0.2.v20220201-1208\jre\bin;C:\WINDOWS\Sun\Java\bin;C:\WINDOWS\system32;C:\WINDOWS;D:/Applications_Portable_NE_PAS_EFFACER/eclipse-java-2022//plugins/org.eclipse.justj.openjdk.hotspot.jre.full.win32.x86_64_17.0.2.v20220201-1208/jre/bin/server;D:/Applications_Portable_NE_PAS_EFFACER/eclipse-java-2022//plugins/org.eclipse.justj.openjdk.hotspot.jre.full.win32.x86_64_17.0.2.v20220201-1208/jre/bin;C:\Program Files\ImageMagick-7.1.2-Q16-HDRI;C:\Program Files\Common Files\Oracle\Java\javapath;C:\Program Files\Python312\Scripts\;C:\Program Files\Python312\;C:\Program Files (x86)\Common Files\Oracle\Java\java8path;C:\Program Files (x86)\Common Files\Oracle\Java\javapath;C:\WINDOWS\system32;C:\WINDOWS;C:\WINDOWS\System32\Wbem;C:\WINDOWS\System32\WindowsPowerShell\v1.0\;C:\WINDOWS\System32\OpenSSH\;C:\Program Files\dotnet\;C:\Program Files (x86)\dotnet\;C:\Program Files (x86)\wapt;C:\Program Files (x86)\PowerShell\7\;C:\Program Files\7-Zip;C:\Program Files (x86)\Windows Live\Shared;C:\Program Files (x86)\Intel\Intel(R) Management Engine Components\DAL;C:\Program Files\Intel\Intel(R) Management Engine Components\DAL;C:\Program Files\gnuplot\bin;C:\Program Files\gs\gs10.00.0\bin;C:\Program Files\Microsoft SQL Server\Client SDK\ODBC\170\Tools\Binn\;C:\Program Files\Docker\Docker\resources\bin;D:\Applications_Portable_NE_PAS_EFFACER\android-sdk\tools;D:\Applications_Portable_NE_PAS_EFFACER\android-sdk\tools\bin;D:\Applications_Portable_NE_PAS_EFFACER\android-sdk\platform-tools;D:\VSCode\flutter\bin;C:\Program Files (x86)\IVI Foundation\VISA\WinNT\Bin;C:\Program Files\leJOS EV3\bin;C:\Program Files (x86)\Microsoft SQL Server\150\DTS\Binn\;C:\Program Files\Azure Data Studio\bin;C:\Program Files (x86)\Microsoft SQL Server\150\Tools\Binn\;C:\Program Files\Microsoft SQL Server\150\Tools\Binn\;C:\Program Files\Microsoft SQL Server\150\DTS\Binn\;C:\Program Files\PowerShell\7\;C:\Program Files\Git\cmd;C:\Program Files\nodejs\;C:\Users\i2404816\AppData\Local\Microsoft\WindowsApps;;D:\Applications_Portable_NE_PAS_EFFACER\eclipse-java-2022;;."/>
    <property name="java.vm.info" value="mixed mode"/>
    <property name="java.vendor" value="Eclipse Adoptium"/>
    <property name="java.vm.version" value="17.0.2+8"/>
    <property name="sun.io.unicode.encoding" value="UnicodeLittle"/>
    <property name="java.class.version" value="61.0"/>
  </properties>
  <testcase name="testRootRSTDeletion" classname="myNiceStructures.trees.BinarySearchTreeTest" time="0">
    <failure message="La racine devrait être 2 ==&gt; expected: &lt;2&gt; but was: &lt;1&gt;" type="org.opentest4j.AssertionFailedError"><![CDATA[org.opentest4j.AssertionFailedError: La racine devrait être 2 ==> expected: <2> but was: <1>
	at myNiceStructures.trees.BinarySearchTreeTest.testRootRSTDeletion(BinarySearchTreeTest.java:310)
]]></failure>
  </testcase>
  <testcase name="testFindSubTree" classname="myNiceStructures.trees.BinarySearchTreeTest" time="0">
    <failure message="la recherche devrait être fructueuse ==&gt; expected: not &lt;null&gt;" type="org.opentest4j.AssertionFailedError"><![CDATA[org.opentest4j.AssertionFailedError: la recherche devrait être fructueuse ==> expected: not <null>
	at myNiceStructures.trees.BinarySearchTreeTest.testFindSubTree(BinarySearchTreeTest.java:238)
]]></failure>
  </testcase>
  <testcase name="testIteratorPrefix" classname="myNiceStructures.trees.BinarySearchTreeTest" time="0">
    <error message="Cannot invoke &quot;java.util.Iterator.hasNext()&quot; because &quot;it&quot; is null" type="java.lang.NullPointerException">java.lang.NullPointerException: Cannot invoke "java.util.Iterator.hasNext()" because "it" is null
	at myNiceStructures.trees.BinarySearchTreeTest.testIteratorPrefix(BinarySearchTreeTest.java:187)
</error>
  </testcase>
  <testcase name="testAdd" classname="myNiceStructures.trees.BinarySearchTreeTest" time="0"/>
  <testcase name="testIteratorSuffix" classname="myNiceStructures.trees.BinarySearchTreeTest" time="0">
    <error message="Cannot invoke &quot;java.util.Iterator.hasNext()&quot; because &quot;it&quot; is null" type="java.lang.NullPointerException">java.lang.NullPointerException: Cannot invoke "java.util.Iterator.hasNext()" because "it" is null
	at myNiceStructures.trees.BinarySearchTreeTest.testIteratorSuffix(BinarySearchTreeTest.java:200)
</error>
  </testcase>
  <testcase name="testDefaultIterator" classname="myNiceStructures.trees.BinarySearchTreeTest" time="0">
    <error message="Cannot invoke &quot;java.util.Iterator.hasNext()&quot; because &quot;&lt;local5&gt;&quot; is null" type="java.lang.NullPointerException"><![CDATA[java.lang.NullPointerException: Cannot invoke "java.util.Iterator.hasNext()" because "<local5>" is null
	at myNiceStructures.trees.BinarySearchTreeTest.testDefaultIterator(BinarySearchTreeTest.java:225)
]]></error>
  </testcase>
  <testcase name="testLSTDeletion" classname="myNiceStructures.trees.BinarySearchTreeTest" time="0">
    <failure message="root-&gt;sag devrait être égal à 1 ==&gt; expected: &lt;1&gt; but was: &lt;2&gt;" type="org.opentest4j.AssertionFailedError"><![CDATA[org.opentest4j.AssertionFailedError: root->sag devrait être égal à 1 ==> expected: <1> but was: <2>
	at myNiceStructures.trees.BinarySearchTreeTest.testLSTDeletion(BinarySearchTreeTest.java:383)
]]></failure>
  </testcase>
  <testcase name="testConstruction" classname="myNiceStructures.trees.BinarySearchTreeTest" time="0"/>
  <testcase name="testRootLSTLSTDeletion" classname="myNiceStructures.trees.BinarySearchTreeTest" time="0">
    <failure message="La racine devrait être 3 ==&gt; expected: &lt;3&gt; but was: &lt;4&gt;" type="org.opentest4j.AssertionFailedError"><![CDATA[org.opentest4j.AssertionFailedError: La racine devrait être 3 ==> expected: <3> but was: <4>
	at myNiceStructures.trees.BinarySearchTreeTest.testRootLSTLSTDeletion(BinarySearchTreeTest.java:323)
]]></failure>
  </testcase>
  <testcase name="testGetNumNodes" classname="myNiceStructures.trees.BinarySearchTreeTest" time="0"/>
  <testcase name="testGetRoot" classname="myNiceStructures.trees.BinarySearchTreeTest" time="0"/>
  <testcase name="testProcessNodesWidth" classname="myNiceStructures.trees.BinarySearchTreeTest" time="0"/>
  <testcase name="testUpdateForest" classname="myNiceStructures.trees.BinarySearchTreeTest" time="0"/>
  <testcase name="testConstructionRacineNulle" classname="myNiceStructures.trees.BinarySearchTreeTest" time="0">
    <failure message="Il ne devrait pas être possible de construire un ABR avec une racine nulle ==&gt; Unexpected exception type thrown, expected: &lt;java.lang.NullPointerException&gt; but was: &lt;java.lang.IllegalArgumentException&gt;" type="org.opentest4j.AssertionFailedError"><![CDATA[org.opentest4j.AssertionFailedError: Il ne devrait pas être possible de construire un ABR avec une racine nulle ==> Unexpected exception type thrown, expected: <java.lang.NullPointerException> but was: <java.lang.IllegalArgumentException>
	at myNiceStructures.trees.BinarySearchTreeTest.testConstructionRacineNulle(BinarySearchTreeTest.java:68)
Caused by: java.lang.IllegalArgumentException: root ne peut pas être null
	at myNiceStructures.trees.BinarySearchTreeTest.lambda$0(BinarySearchTreeTest.java:69)
	at myNiceStructures.trees.BinarySearchTreeTest.testConstructionRacineNulle(BinarySearchTreeTest.java:68)
]]></failure>
  </testcase>
  <testcase name="testContains" classname="myNiceStructures.trees.BinarySearchTreeTest" time="0">
    <failure message="21 devrait être trouvé ==&gt; expected: &lt;true&gt; but was: &lt;false&gt;" type="org.opentest4j.AssertionFailedError"><![CDATA[org.opentest4j.AssertionFailedError: 21 devrait être trouvé ==> expected: <true> but was: <false>
	at myNiceStructures.trees.BinarySearchTreeTest.testContains(BinarySearchTreeTest.java:247)
]]></failure>
  </testcase>
  <testcase name="testRootLSTDeletion" classname="myNiceStructures.trees.BinarySearchTreeTest" time="0">
    <failure message="La racine devrait être 2 ==&gt; expected: &lt;2&gt; but was: &lt;3&gt;" type="org.opentest4j.AssertionFailedError"><![CDATA[org.opentest4j.AssertionFailedError: La racine devrait être 2 ==> expected: <2> but was: <3>
	at myNiceStructures.trees.BinarySearchTreeTest.testRootLSTDeletion(BinarySearchTreeTest.java:297)
]]></failure>
  </testcase>
  <testcase name="testRSTDeletion" classname="myNiceStructures.trees.BinarySearchTreeTest" time="0">
    <failure message="root-&gt;sad devrait être égal à 5 ==&gt; expected: &lt;5&gt; but was: &lt;6&gt;" type="org.opentest4j.AssertionFailedError"><![CDATA[org.opentest4j.AssertionFailedError: root->sad devrait être égal à 5 ==> expected: <5> but was: <6>
	at myNiceStructures.trees.BinarySearchTreeTest.testRSTDeletion(BinarySearchTreeTest.java:441)
]]></failure>
  </testcase>
  <testcase name="testLSTLeafDeletion" classname="myNiceStructures.trees.BinarySearchTreeTest" time="0">
    <failure message="root-&gt;sag-&gt;sag devrait être null ==&gt; expected: &lt;true&gt; but was: &lt;false&gt;" type="org.opentest4j.AssertionFailedError"><![CDATA[org.opentest4j.AssertionFailedError: root->sag->sag devrait être null ==> expected: <true> but was: <false>
	at myNiceStructures.trees.BinarySearchTreeTest.testLSTLeafDeletion(BinarySearchTreeTest.java:361)
]]></failure>
  </testcase>
  <testcase name="testImpossibleRootDeletion" classname="myNiceStructures.trees.BinarySearchTreeTest" time="0">
    <failure message="Retirer la valeur d&apos;un ABR ne contenant que cette valeur devrait être impossible ==&gt; Expected myNiceStructures.trees.exceptions.ImpossibleDeletion to be thrown, but nothing was thrown." type="org.opentest4j.AssertionFailedError">org.opentest4j.AssertionFailedError: Retirer la valeur d'un ABR ne contenant que cette valeur devrait être impossible ==> Expected myNiceStructures.trees.exceptions.ImpossibleDeletion to be thrown, but nothing was thrown.
	at myNiceStructures.trees.BinarySearchTreeTest.testImpossibleRootDeletion(BinarySearchTreeTest.java:287)
</failure>
  </testcase>
  <testcase name="testIteratorWidth" classname="myNiceStructures.trees.BinarySearchTreeTest" time="0.01"/>
  <testcase name="testGetForest" classname="myNiceStructures.trees.BinarySearchTreeTest" time="0"/>
  <testcase name="testGetHeight" classname="myNiceStructures.trees.BinarySearchTreeTest" time="0"/>
  <testcase name="testProcessNodesPrefix" classname="myNiceStructures.trees.BinarySearchTreeTest" time="0"/>
  <testcase name="testProcessNodesSuffix" classname="myNiceStructures.trees.BinarySearchTreeTest" time="0.001"/>
  <testcase name="testGetMax" classname="myNiceStructures.trees.BinarySearchTreeTest" time="0"/>
  <testcase name="testGetMin" classname="myNiceStructures.trees.BinarySearchTreeTest" time="0"/>
  <testcase name="testIsLeaf" classname="myNiceStructures.trees.BinarySearchTreeTest" time="0.001"/>
  <testcase name="testRSTLeafDeletion" classname="myNiceStructures.trees.BinarySearchTreeTest" time="0">
    <failure message="root-&gt;sag-&gt;sad ne devrait pas être null ==&gt; expected: not &lt;null&gt;" type="org.opentest4j.AssertionFailedError"><![CDATA[org.opentest4j.AssertionFailedError: root->sag->sad ne devrait pas être null ==> expected: not <null>
	at myNiceStructures.trees.BinarySearchTreeTest.testRSTLeafDeletion(BinarySearchTreeTest.java:419)
]]></failure>
  </testcase>
  <testcase name="testSetRoot" classname="myNiceStructures.trees.BinarySearchTreeTest" time="0.001">
    <failure message="Redéfinir la racine d&apos;un ABR devrait être impossible ==&gt; Unexpected exception type thrown, expected: &lt;java.lang.UnsupportedOperationException&gt; but was: &lt;java.lang.IllegalAccessError&gt;" type="org.opentest4j.AssertionFailedError"><![CDATA[org.opentest4j.AssertionFailedError: Redéfinir la racine d'un ABR devrait être impossible ==> Unexpected exception type thrown, expected: <java.lang.UnsupportedOperationException> but was: <java.lang.IllegalAccessError>
	at myNiceStructures.trees.BinarySearchTreeTest.testSetRoot(BinarySearchTreeTest.java:84)
Caused by: java.lang.IllegalAccessError: Impossible de mettre des valeurs dans BinarySearchTreeImpl -> setRoot()
	at myNiceStructures.trees.BinarySearchTreeTest.lambda$1(BinarySearchTreeTest.java:85)
	at myNiceStructures.trees.BinarySearchTreeTest.testSetRoot(BinarySearchTreeTest.java:84)
]]></failure>
  </testcase>
  <testcase name="testGetNumLeaves" classname="myNiceStructures.trees.BinarySearchTreeTest" time="0.001"/>
</testsuite>