<?xml version="1.0" encoding="UTF-8"?>
<testsuite xmlns:xsi="http://www.w3.org/2001/XMLSchema-instance" xsi:noNamespaceSchemaLocation="https://maven.apache.org/surefire/maven-surefire-plugin/xsd/surefire-test-report.xsd" name="myNiceStructures.hashTables.CollisionTableTest" time="0.252" tests="12" errors="12" skipped="0" failures="0">
  <properties>
[...]
</properties>
  <testcase name="testRemoveKeyNull" classname="myNiceStructures.hashTables.CollisionTableTest" time="0.096">
    <error message="Not supported yet." type="java.lang.UnsupportedOperationException">java.lang.UnsupportedOperationException: Not supported yet.
	at myNiceStructures.hashTables.CollisionTableTest.setUp(CollisionTableTest.java:51)
</error>
  </testcase>
  <testcase name="testIteratorRemove" classname="myNiceStructures.hashTables.CollisionTableTest" time="0">
    <error message="Not supported yet." type="java.lang.UnsupportedOperationException">java.lang.UnsupportedOperationException: Not supported yet.
	at myNiceStructures.hashTables.CollisionTableTest.setUp(CollisionTableTest.java:51)
</error>
  </testcase>
  <testcase name="testSize" classname="myNiceStructures.hashTables.CollisionTableTest" time="0">
    <error message="Not supported yet." type="java.lang.UnsupportedOperationException">java.lang.UnsupportedOperationException: Not supported yet.
	at myNiceStructures.hashTables.CollisionTableTest.setUp(CollisionTableTest.java:51)
</error>
  </testcase>
  <testcase name="testPutKeyNull" classname="myNiceStructures.hashTables.CollisionTableTest" time="0">
    <error message="Not supported yet." type="java.lang.UnsupportedOperationException">java.lang.UnsupportedOperationException: Not supported yet.
	at myNiceStructures.hashTables.CollisionTableTest.setUp(CollisionTableTest.java:51)
</error>
  </testcase>
  <testcase name="testIteratorException" classname="myNiceStructures.hashTables.CollisionTableTest" time="0">
    <error message="Not supported yet." type="java.lang.UnsupportedOperationException">java.lang.UnsupportedOperationException: Not supported yet.
	at myNiceStructures.hashTables.CollisionTableTest.setUp(CollisionTableTest.java:51)
</error>
  </testcase>
  <testcase name="testContains" classname="myNiceStructures.hashTables.CollisionTableTest" time="0.002">
    <error message="Not supported yet." type="java.lang.UnsupportedOperationException">java.lang.UnsupportedOperationException: Not supported yet.
	at myNiceStructures.hashTables.CollisionTableTest.setUp(CollisionTableTest.java:51)
</error>
  </testcase>
  <testcase name="testPutMapComplete" classname="myNiceStructures.hashTables.CollisionTableTest" time="0.001">
    <error message="Not supported yet." type="java.lang.UnsupportedOperationException">java.lang.UnsupportedOperationException: Not supported yet.
	at myNiceStructures.hashTables.CollisionTableTest.setUp(CollisionTableTest.java:51)
</error>
  </testcase>
  <testcase name="testIteratorEmptyList" classname="myNiceStructures.hashTables.CollisionTableTest" time="0.001">
    <error message="Not supported yet." type="java.lang.UnsupportedOperationException">java.lang.UnsupportedOperationException: Not supported yet.
	at myNiceStructures.hashTables.CollisionTableTest.setUp(CollisionTableTest.java:51)
</error>
  </testcase>
  <testcase name="testPutGet" classname="myNiceStructures.hashTables.CollisionTableTest" time="0.001">
    <error message="Not supported yet." type="java.lang.UnsupportedOperationException">java.lang.UnsupportedOperationException: Not supported yet.
	at myNiceStructures.hashTables.CollisionTableTest.setUp(CollisionTableTest.java:51)
</error>
  </testcase>
  <testcase name="testRemove" classname="myNiceStructures.hashTables.CollisionTableTest" time="0.001">
    <error message="Not supported yet." type="java.lang.UnsupportedOperationException">java.lang.UnsupportedOperationException: Not supported yet.
	at myNiceStructures.hashTables.CollisionTableTest.setUp(CollisionTableTest.java:51)
</error>
  </testcase>
  <testcase name="testIterator" classname="myNiceStructures.hashTables.CollisionTableTest" time="0.001">
    <error message="Not supported yet." type="java.lang.UnsupportedOperationException">java.lang.UnsupportedOperationException: Not supported yet.
	at myNiceStructures.hashTables.CollisionTableTest.setUp(CollisionTableTest.java:51)
</error>
  </testcase>
  <testcase name="testIteratorRemoveExceptions" classname="myNiceStructures.hashTables.CollisionTableTest" time="0.001">
    <error message="Not supported yet." type="java.lang.UnsupportedOperationException">java.lang.UnsupportedOperationException: Not supported yet.
	at myNiceStructures.hashTables.CollisionTableTest.setUp(CollisionTableTest.java:51)
</error>
  </testcase>
</testsuite>