<?xml version="1.0" encoding="UTF-8"?>
<testsuite xmlns:xsi="http://www.w3.org/2001/XMLSchema-instance" xsi:noNamespaceSchemaLocation="https://maven.apache.org/surefire/maven-surefire-plugin/xsd/surefire-test-report.xsd" name="despetitsarbres.ArbreBinaireRechercheTest" time="0.031" tests="31" errors="0" skipped="0" failures="0">
  <properties>
[...]
</properties>
  <testcase name="testRechercherSousArbre" classname="despetitsarbres.ArbreBinaireRechercheTest" time="0.007"/>
  <testcase name="testGetHauteurMoyenne" classname="despetitsarbres.ArbreBinaireRechercheTest" time="0"/>
  <testcase name="testTraiterNoeudsParcoursSuffixe" classname="despetitsarbres.ArbreBinaireRechercheTest" time="0.001"/>
  <testcase name="testerArbreAjout" classname="despetitsarbres.ArbreBinaireRechercheTest" time="0.001"/>
  <testcase name="testIterateurValeurParcoursSuffixe" classname="despetitsarbres.ArbreBinaireRechercheTest" time="0"/>
  <testcase name="testGetForet" classname="despetitsarbres.ArbreBinaireRechercheTest" time="0.001"/>
  <testcase name="testerArbreSupprimerRacineSagSag" classname="despetitsarbres.ArbreBinaireRechercheTest" time="0"/>
  <testcase name="testUpdateForet" classname="despetitsarbres.ArbreBinaireRechercheTest" time="0.001"/>
  <testcase name="testGetNbNoeuds" classname="despetitsarbres.ArbreBinaireRechercheTest" time="0"/>
  <testcase name="testConstruction" classname="despetitsarbres.ArbreBinaireRechercheTest" time="0"/>
  <testcase name="testIsFeuille" classname="despetitsarbres.ArbreBinaireRechercheTest" time="0"/>
  <testcase name="testTraiterNoeudsParcoursPrefixe" classname="despetitsarbres.ArbreBinaireRechercheTest" time="0"/>
  <testcase name="testIterateurValeurParcoursPrefixe" classname="despetitsarbres.ArbreBinaireRechercheTest" time="0.001"/>
  <testcase name="testerArbreSupprimerSad" classname="despetitsarbres.ArbreBinaireRechercheTest" time="0"/>
  <testcase name="testerArbreSupprimerSag" classname="despetitsarbres.ArbreBinaireRechercheTest" time="0.005"/>
  <testcase name="testConstructionRacineNulle" classname="despetitsarbres.ArbreBinaireRechercheTest" time="0"/>
  <testcase name="testTraiterNoeudsParcoursLargeur" classname="despetitsarbres.ArbreBinaireRechercheTest" time="0"/>
  <testcase name="testContains" classname="despetitsarbres.ArbreBinaireRechercheTest" time="0"/>
  <testcase name="testIterateurValeurParcoursLargeur" classname="despetitsarbres.ArbreBinaireRechercheTest" time="0.001"/>
  <testcase name="testerArbreSupprimerSadFeuille" classname="despetitsarbres.ArbreBinaireRechercheTest" time="0"/>
  <testcase name="testGetNbFeuilles" classname="despetitsarbres.ArbreBinaireRechercheTest" time="0"/>
  <testcase name="testGetHauteur" classname="despetitsarbres.ArbreBinaireRechercheTest" time="0.001"/>
  <testcase name="testerArbreSupprimerSagFeuille" classname="despetitsarbres.ArbreBinaireRechercheTest" time="0"/>
  <testcase name="testerArbreSupprimerRacineImpossible" classname="despetitsarbres.ArbreBinaireRechercheTest" time="0"/>
  <testcase name="testSetRacine" classname="despetitsarbres.ArbreBinaireRechercheTest" time="0.001"/>
  <testcase name="testGetMax" classname="despetitsarbres.ArbreBinaireRechercheTest" time="0"/>
  <testcase name="testGetMin" classname="despetitsarbres.ArbreBinaireRechercheTest" time="0"/>
  <testcase name="testGetRacine" classname="despetitsarbres.ArbreBinaireRechercheTest" time="0.001"/>
  <testcase name="testerArbreSupprimerRacineSad" classname="despetitsarbres.ArbreBinaireRechercheTest" time="0"/>
  <testcase name="testerArbreSupprimerRacineSag" classname="despetitsarbres.ArbreBinaireRechercheTest" time="0"/>
  <testcase name="testIterator" classname="despetitsarbres.ArbreBinaireRechercheTest" time="0"/>
</testsuite>