<?xml version="1.0" encoding="UTF-8"?>
<testsuite xmlns:xsi="http://www.w3.org/2001/XMLSchema-instance" xsi:noNamespaceSchemaLocation="https://maven.apache.org/surefire/maven-surefire-plugin/xsd/surefire-test-report.xsd" name="myNiceStructures.hashTables.ExternalChainingTableTest" time="0.077" tests="12" errors="4" skipped="0" failures="1">
  <properties>
[...]
</properties>
  <testcase name="testRemoveKeyNull" classname="myNiceStructures.hashTables.ExternalChainingTableTest" time="0"/>
  <testcase name="testIteratorRemove" classname="myNiceStructures.hashTables.ExternalChainingTableTest" time="0.021">
    <error message="Cannot invoke &quot;java.util.Iterator.hasNext()&quot; because &quot;it&quot; is null" type="java.lang.NullPointerException">java.lang.NullPointerException: Cannot invoke "java.util.Iterator.hasNext()" because "it" is null
	at myNiceStructures.hashTables.ExternalChainingTableTest.testIteratorRemove(ExternalChainingTableTest.java:178)
</error>
  </testcase>
  <testcase name="testSize" classname="myNiceStructures.hashTables.ExternalChainingTableTest" time="0.008"/>
  <testcase name="testPutKeyNull" classname="myNiceStructures.hashTables.ExternalChainingTableTest" time="0.001"/>
  <testcase name="testIteratorException" classname="myNiceStructures.hashTables.ExternalChainingTableTest" time="0.001">
    <error message="Cannot invoke &quot;java.util.Iterator.hasNext()&quot; because &quot;it&quot; is null" type="java.lang.NullPointerException">java.lang.NullPointerException: Cannot invoke "java.util.Iterator.hasNext()" because "it" is null
	at myNiceStructures.hashTables.ExternalChainingTableTest.testIteratorException(ExternalChainingTableTest.java:162)
</error>
  </testcase>
  <testcase name="testContains" classname="myNiceStructures.hashTables.ExternalChainingTableTest" time="0.012"/>
  <testcase name="testPutMapComplete" classname="myNiceStructures.hashTables.ExternalChainingTableTest" time="0"/>
  <testcase name="testIteratorEmptyList" classname="myNiceStructures.hashTables.ExternalChainingTableTest" time="0.001">
    <error message="Cannot invoke &quot;java.util.Iterator.hasNext()&quot; because the return value of &quot;myNiceStructures.hashTables.HashTable.iterator()&quot; is null" type="java.lang.NullPointerException">java.lang.NullPointerException: Cannot invoke "java.util.Iterator.hasNext()" because the return value of "myNiceStructures.hashTables.HashTable.iterator()" is null
	at myNiceStructures.hashTables.ExternalChainingTableTest.testIteratorEmptyList(ExternalChainingTableTest.java:210)
</error>
  </testcase>
  <testcase name="testPutGet" classname="myNiceStructures.hashTables.ExternalChainingTableTest" time="0.006"/>
  <testcase name="testRemove" classname="myNiceStructures.hashTables.ExternalChainingTableTest" time="0.001"/>
  <testcase name="testIterator" classname="myNiceStructures.hashTables.ExternalChainingTableTest" time="0">
    <error message="Cannot invoke &quot;java.util.Iterator.hasNext()&quot; because &quot;it&quot; is null" type="java.lang.NullPointerException">java.lang.NullPointerException: Cannot invoke "java.util.Iterator.hasNext()" because "it" is null
	at myNiceStructures.hashTables.ExternalChainingTableTest.testIterator(ExternalChainingTableTest.java:138)
</error>
  </testcase>
  <testcase name="testIteratorRemoveExceptions" classname="myNiceStructures.hashTables.ExternalChainingTableTest" time="0.021">
    <failure message="Unexpected exception type thrown, expected: &lt;java.lang.IllegalStateException&gt; but was: &lt;java.lang.NullPointerException&gt;" type="org.opentest4j.AssertionFailedError"><![CDATA[org.opentest4j.AssertionFailedError: Unexpected exception type thrown, expected: <java.lang.IllegalStateException> but was: <java.lang.NullPointerException>
	at myNiceStructures.hashTables.ExternalChainingTableTest.testIteratorRemoveExceptions(ExternalChainingTableTest.java:192)
Caused by: java.lang.NullPointerException: Cannot invoke "java.util.Iterator.remove()" because "<parameter1>" is null
	at myNiceStructures.hashTables.ExternalChainingTableTest.lambda$3(ExternalChainingTableTest.java:193)
	at myNiceStructures.hashTables.ExternalChainingTableTest.testIteratorRemoveExceptions(ExternalChainingTableTest.java:192)
]]></failure>
  </testcase>
</testsuite>