<?xml version="1.0" encoding="UTF-8"?>
<testsuite xmlns:xsi="http://www.w3.org/2001/XMLSchema-instance" xsi:noNamespaceSchemaLocation="https://maven.apache.org/surefire/maven-surefire-plugin/xsd/surefire-test-report.xsd" name="myNiceStructures.hashTables.CollisionTableTest" time="0.252" tests="12" errors="12" skipped="0" failures="0">
  <properties>
    <property name="java.specification.version" value="17"/>
    <property name="sun.cpu.isalist" value="amd64"/>
    <property name="sun.jnu.encoding" value="Cp1252"/>
    <property name="java.class.path" value="H:\r302\myNiceStructures\target\test-classes;H:\r302\myNiceStructures\target\classes;C:\Users\i2404816\.m2\repository\org\junit\jupiter\junit-jupiter-api\5.9.1\junit-jupiter-api-5.9.1.jar;C:\Users\i2404816\.m2\repository\org\opentest4j\opentest4j\1.2.0\opentest4j-1.2.0.jar;C:\Users\i2404816\.m2\repository\org\junit\platform\junit-platform-commons\1.9.1\junit-platform-commons-1.9.1.jar;C:\Users\i2404816\.m2\repository\org\apiguardian\apiguardian-api\1.1.2\apiguardian-api-1.1.2.jar;C:\Users\i2404816\.m2\repository\org\junit\jupiter\junit-jupiter-params\5.9.1\junit-jupiter-params-5.9.1.jar;C:\Users\i2404816\.m2\repository\org\junit\jupiter\junit-jupiter-engine\5.9.1\junit-jupiter-engine-5.9.1.jar;C:\Users\i2404816\.m2\repository\org\junit\platform\junit-platform-engine\1.9.1\junit-platform-engine-1.9.1.jar;"/>
    <property name="java.vm.vendor" value="Eclipse Adoptium"/>
    <property name="sun.arch.data.model" value="64"/>
    <property name="user.variant" value=""/>
    <property name="java.vendor.url" value="https://adoptium.net/"/>
    <property name="user.timezone" value="Europe/Paris"/>
    <property name="os.name" value="Windows 11"/>
    <property name="java.vm.specification.version" value="17"/>
    <property name="sun.java.launcher" value="SUN_STANDARD"/>
    <property name="user.country" value="FR"/>
    <property name="sun.boot.library.path" value="D:\Applications_Portable_NE_PAS_EFFACER\eclipse-java-2022\plugins\org.eclipse.justj.openjdk.hotspot.jre.full.win32.x86_64_17.0.2.v20220201-1208\jre\bin"/>
    <property name="sun.java.command" value="C:\Users\i2404816\AppData\Local\Temp\surefire12880242113274601860\surefirebooter6413246448969910282.jar C:\Users\i2404816\AppData\Local\Temp\surefire12880242113274601860 2025-12-18T13-04-46_674-jvmRun1 surefire7868570284774855439tmp surefire_04490455260911488526tmp"/>
    <property name="jdk.debug" value="release"/>
    <property name="surefire.test.class.path" value="H:\r302\myNiceStructures\target\test-classes;H:\r302\myNiceStructures\target\classes;C:\Users\i2404816\.m2\repository\org\junit\jupiter\junit-jupiter-api\5.9.1\junit-jupiter-api-5.9.1.jar;C:\Users\i2404816\.m2\repository\org\opentest4j\opentest4j\1.2.0\opentest4j-1.2.0.jar;C:\Users\i2404816\.m2\repository\org\junit\platform\junit-platform-commons\1.9.1\junit-platform-commons-1.9.1.jar;C:\Users\i2404816\.m2\repository\org\apiguardian\apiguardian-api\1.1.2\apiguardian-api-1.1.2.jar;C:\Users\i2404816\.m2\repository\org\junit\jupiter\junit-jupiter-params\5.9.1\junit-jupiter-params-5.9.1.jar;C:\Users\i2404816\.m2\repository\org\junit\jupiter\junit-jupiter-engine\5.9.1\junit-jupiter-engine-5.9.1.jar;C:\Users\i2404816\.m2\repository\org\junit\platform\junit-platform-engine\1.9.1\junit-platform-engine-1.9.1.jar;"/>
    <property name="sun.cpu.endian" value="little"/>
    <property name="user.home" value="C:\Users\i2404816"/>
    <property name="user.language" value="fr"/>
    <property name="java.specification.vendor" value="Oracle Corporation"/>
    <property name="java.version.date" value="2022-01-18"/>
    <property name="java.home" value="D:\Applications_Portable_NE_PAS_EFFACER\eclipse-java-2022\plugins\org.eclipse.justj.openjdk.hotspot.jre.full.win32.x86_64_17.0.2.v20220201-1208\jre"/>
    <property name="file.separator" value="\"/>
    <property name="basedir" value="H:\r302\myNiceStructures"/>
    <property name="java.vm.compressedOopsMode" value="Zero based"/>
    <property name="line.separator" value="&#10;"/>
    <property name="java.vm.specification.vendor" value="Oracle Corporation"/>
    <property name="java.specification.name" value="Java Platform API Specification"/>
    <property name="surefire.real.class.path" value="C:\Users\i2404816\AppData\Local\Temp\surefire12880242113274601860\surefirebooter6413246448969910282.jar"/>
    <property name="user.script" value=""/>
    <property name="sun.management.compiler" value="HotSpot 64-Bit Tiered Compilers"/>
    <property name="java.runtime.version" value="17.0.2+8"/>
    <property name="user.name" value="i2404816"/>
    <property name="path.separator" value=";"/>
    <property name="os.version" value="10.0"/>
    <property name="java.runtime.name" value="OpenJDK Runtime Environment"/>
    <property name="file.encoding" value="Cp1252"/>
    <property name="java.vm.name" value="OpenJDK 64-Bit Server VM"/>
    <property name="java.vendor.version" value="Temurin-17.0.2+8"/>
    <property name="localRepository" value="C:\Users\i2404816\.m2\repository"/>
    <property name="java.vendor.url.bug" value="https://github.com/adoptium/adoptium-support/issues"/>
    <property name="java.io.tmpdir" value="C:\Users\i2404816\AppData\Local\Temp\"/>
    <property name="java.version" value="17.0.2"/>
    <property name="user.dir" value="H:\r302\myNiceStructures"/>
    <property name="os.arch" value="amd64"/>
    <property name="java.vm.specification.name" value="Java Virtual Machine Specification"/>
    <property name="sun.os.patch.level" value=""/>
    <property name="native.encoding" value="Cp1252"/>
    <property name="java.library.path" value="D:\Applications_Portable_NE_PAS_EFFACER\eclipse-java-2022\plugins\org.eclipse.justj.openjdk.hotspot.jre.full.win32.x86_64_17.0.2.v20220201-1208\jre\bin;C:\WINDOWS\Sun\Java\bin;C:\WINDOWS\system32;C:\WINDOWS;D:/Applications_Portable_NE_PAS_EFFACER/eclipse-java-2022//plugins/org.eclipse.justj.openjdk.hotspot.jre.full.win32.x86_64_17.0.2.v20220201-1208/jre/bin/server;D:/Applications_Portable_NE_PAS_EFFACER/eclipse-java-2022//plugins/org.eclipse.justj.openjdk.hotspot.jre.full.win32.x86_64_17.0.2.v20220201-1208/jre/bin;C:\Program Files\ImageMagick-7.1.2-Q16-HDRI;C:\Program Files\Common Files\Oracle\Java\javapath;C:\Program Files\Python312\Scripts\;C:\Program Files\Python312\;C:\Program Files (x86)\Common Files\Oracle\Java\java8path;C:\Program Files (x86)\Common Files\Oracle\Java\javapath;C:\WINDOWS\system32;C:\WINDOWS;C:\WINDOWS\System32\Wbem;C:\WINDOWS\System32\WindowsPowerShell\v1.0\;C:\WINDOWS\System32\OpenSSH\;C:\Program Files\dotnet\;C:\Program Files (x86)\dotnet\;C:\Program Files (x86)\wapt;C:\Program Files (x86)\PowerShell\7\;C:\Program Files\7-Zip;C:\Program Files (x86)\Windows Live\Shared;C:\Program Files (x86)\Intel\Intel(R) Management Engine Components\DAL;C:\Program Files\Intel\Intel(R) Management Engine Components\DAL;C:\Program Files\gnuplot\bin;C:\Program Files\gs\gs10.00.0\bin;C:\Program Files\Microsoft SQL Server\Client SDK\ODBC\170\Tools\Binn\;C:\Program Files\Docker\Docker\resources\bin;D:\Applications_Portable_NE_PAS_EFFACER\android-sdk\tools;D:\Applications_Portable_NE_PAS_EFFACER\android-sdk\tools\bin;D:\Applications_Portable_NE_PAS_EFFACER\android-sdk\platform-tools;D:\VSCode\flutter\bin;C:\Program Files (x86)\IVI Foundation\VISA\WinNT\Bin;C:\Program Files\leJOS EV3\bin;C:\Program Files (x86)\Microsoft SQL Server\150\DTS\Binn\;C:\Program Files\Azure Data Studio\bin;C:\Program Files (x86)\Microsoft SQL Server\150\Tools\Binn\;C:\Program Files\Microsoft SQL Server\150\Tools\Binn\;C:\Program Files\Microsoft SQL Server\150\DTS\Binn\;C:\Program Files\PowerShell\7\;C:\Program Files\Git\cmd;C:\Program Files\nodejs\;C:\Users\i2404816\AppData\Local\Microsoft\WindowsApps;;D:\Applications_Portable_NE_PAS_EFFACER\eclipse-java-2022;;."/>
    <property name="java.vm.info" value="mixed mode"/>
    <property name="java.vendor" value="Eclipse Adoptium"/>
    <property name="java.vm.version" value="17.0.2+8"/>
    <property name="sun.io.unicode.encoding" value="UnicodeLittle"/>
    <property name="java.class.version" value="61.0"/>
  </properties>
  <testcase name="testRemoveKeyNull" classname="myNiceStructures.hashTables.CollisionTableTest" time="0.096">
    <error message="Not supported yet." type="java.lang.UnsupportedOperationException">java.lang.UnsupportedOperationException: Not supported yet.
	at myNiceStructures.hashTables.CollisionTableTest.setUp(CollisionTableTest.java:51)
</error>
  </testcase>
  <testcase name="testIteratorRemove" classname="myNiceStructures.hashTables.CollisionTableTest" time="0">
    <error message="Not supported yet." type="java.lang.UnsupportedOperationException">java.lang.UnsupportedOperationException: Not supported yet.
	at myNiceStructures.hashTables.CollisionTableTest.setUp(CollisionTableTest.java:51)
</error>
  </testcase>
  <testcase name="testSize" classname="myNiceStructures.hashTables.CollisionTableTest" time="0">
    <error message="Not supported yet." type="java.lang.UnsupportedOperationException">java.lang.UnsupportedOperationException: Not supported yet.
	at myNiceStructures.hashTables.CollisionTableTest.setUp(CollisionTableTest.java:51)
</error>
  </testcase>
  <testcase name="testPutKeyNull" classname="myNiceStructures.hashTables.CollisionTableTest" time="0">
    <error message="Not supported yet." type="java.lang.UnsupportedOperationException">java.lang.UnsupportedOperationException: Not supported yet.
	at myNiceStructures.hashTables.CollisionTableTest.setUp(CollisionTableTest.java:51)
</error>
  </testcase>
  <testcase name="testIteratorException" classname="myNiceStructures.hashTables.CollisionTableTest" time="0">
    <error message="Not supported yet." type="java.lang.UnsupportedOperationException">java.lang.UnsupportedOperationException: Not supported yet.
	at myNiceStructures.hashTables.CollisionTableTest.setUp(CollisionTableTest.java:51)
</error>
  </testcase>
  <testcase name="testContains" classname="myNiceStructures.hashTables.CollisionTableTest" time="0.002">
    <error message="Not supported yet." type="java.lang.UnsupportedOperationException">java.lang.UnsupportedOperationException: Not supported yet.
	at myNiceStructures.hashTables.CollisionTableTest.setUp(CollisionTableTest.java:51)
</error>
  </testcase>
  <testcase name="testPutMapComplete" classname="myNiceStructures.hashTables.CollisionTableTest" time="0.001">
    <error message="Not supported yet." type="java.lang.UnsupportedOperationException">java.lang.UnsupportedOperationException: Not supported yet.
	at myNiceStructures.hashTables.CollisionTableTest.setUp(CollisionTableTest.java:51)
</error>
  </testcase>
  <testcase name="testIteratorEmptyList" classname="myNiceStructures.hashTables.CollisionTableTest" time="0.001">
    <error message="Not supported yet." type="java.lang.UnsupportedOperationException">java.lang.UnsupportedOperationException: Not supported yet.
	at myNiceStructures.hashTables.CollisionTableTest.setUp(CollisionTableTest.java:51)
</error>
  </testcase>
  <testcase name="testPutGet" classname="myNiceStructures.hashTables.CollisionTableTest" time="0.001">
    <error message="Not supported yet." type="java.lang.UnsupportedOperationException">java.lang.UnsupportedOperationException: Not supported yet.
	at myNiceStructures.hashTables.CollisionTableTest.setUp(CollisionTableTest.java:51)
</error>
  </testcase>
  <testcase name="testRemove" classname="myNiceStructures.hashTables.CollisionTableTest" time="0.001">
    <error message="Not supported yet." type="java.lang.UnsupportedOperationException">java.lang.UnsupportedOperationException: Not supported yet.
	at myNiceStructures.hashTables.CollisionTableTest.setUp(CollisionTableTest.java:51)
</error>
  </testcase>
  <testcase name="testIterator" classname="myNiceStructures.hashTables.CollisionTableTest" time="0.001">
    <error message="Not supported yet." type="java.lang.UnsupportedOperationException">java.lang.UnsupportedOperationException: Not supported yet.
	at myNiceStructures.hashTables.CollisionTableTest.setUp(CollisionTableTest.java:51)
</error>
  </testcase>
  <testcase name="testIteratorRemoveExceptions" classname="myNiceStructures.hashTables.CollisionTableTest" time="0.001">
    <error message="Not supported yet." type="java.lang.UnsupportedOperationException">java.lang.UnsupportedOperationException: Not supported yet.
	at myNiceStructures.hashTables.CollisionTableTest.setUp(CollisionTableTest.java:51)
</error>
  </testcase>
</testsuite>