<?xml version="1.0" encoding="UTF-8"?>
<testsuite xmlns:xsi="http://www.w3.org/2001/XMLSchema-instance" xsi:noNamespaceSchemaLocation="https://maven.apache.org/surefire/maven-surefire-plugin/xsd/surefire-test-report.xsd" name="myNiceStructures.trees.TreeTest" time="0.067" tests="22" errors="7" skipped="0" failures="2">
  <properties>
[...]
</properties>
  <testcase name="testIteratorPrefix" classname="myNiceStructures.trees.TreeTest" time="0">
    <error message="Cannot invoke &quot;java.util.Iterator.hasNext()&quot; because &quot;it&quot; is null" type="java.lang.NullPointerException">java.lang.NullPointerException: Cannot invoke "java.util.Iterator.hasNext()" because "it" is null
	at myNiceStructures.trees.TreeTest.testIteratorPrefix(TreeTest.java:211)
</error>
  </testcase>
  <testcase name="testIteratorSuffix" classname="myNiceStructures.trees.TreeTest" time="0">
    <error message="Cannot invoke &quot;java.util.Iterator.hasNext()&quot; because &quot;it&quot; is null" type="java.lang.NullPointerException">java.lang.NullPointerException: Cannot invoke "java.util.Iterator.hasNext()" because "it" is null
	at myNiceStructures.trees.TreeTest.testIteratorSuffix(TreeTest.java:224)
</error>
  </testcase>
  <testcase name="testDefaultIterator" classname="myNiceStructures.trees.TreeTest" time="0">
    <error message="Cannot invoke &quot;java.util.Iterator.hasNext()&quot; because &quot;&lt;local5&gt;&quot; is null" type="java.lang.NullPointerException"><![CDATA[java.lang.NullPointerException: Cannot invoke "java.util.Iterator.hasNext()" because "<local5>" is null
	at myNiceStructures.trees.TreeTest.testDefaultIterator(TreeTest.java:252)
]]></error>
  </testcase>
  <testcase name="testProcessNodesSuffixBigTree" classname="myNiceStructures.trees.TreeTest" time="0">
    <error type="java.lang.StackOverflowError">java.lang.StackOverflowError
</error>
  </testcase>
  <testcase name="testGetNumNodesBigTree" classname="myNiceStructures.trees.TreeTest" time="0">
    <error type="java.lang.StackOverflowError">java.lang.StackOverflowError
</error>
  </testcase>
  <testcase name="testGetNumLeavesBigTree" classname="myNiceStructures.trees.TreeTest" time="0">
    <error type="java.lang.StackOverflowError">java.lang.StackOverflowError
</error>
  </testcase>
  <testcase name="testProcessNodesPrefixIterator" classname="myNiceStructures.trees.TreeTest" time="0">
    <failure message="Parcours invalide ==&gt; expected: &lt;a, b, c, d, e, f, g, h&gt; but was: &lt;c, e, d, b, g, f, h, a&gt;" type="org.opentest4j.AssertionFailedError"><![CDATA[org.opentest4j.AssertionFailedError: Parcours invalide ==> expected: <a, b, c, d, e, f, g, h> but was: <c, e, d, b, g, f, h, a>
	at myNiceStructures.trees.TreeTest.testProcessNodesPrefixIterator(TreeTest.java:151)
]]></failure>
  </testcase>
  <testcase name="testGetNumNodes" classname="myNiceStructures.trees.TreeTest" time="0"/>
  <testcase name="testGetRoot" classname="myNiceStructures.trees.TreeTest" time="0"/>
  <testcase name="testProcessNodesWidth" classname="myNiceStructures.trees.TreeTest" time="0"/>
  <testcase name="testContains" classname="myNiceStructures.trees.TreeTest" time="0"/>
  <testcase name="testProcessNodesWidthBigTree" classname="myNiceStructures.trees.TreeTest" time="0.028"/>
  <testcase name="testIteratorWidth" classname="myNiceStructures.trees.TreeTest" time="0.003">
    <failure message="Parcours invalide ==&gt; expected: &lt;a, b, f, h, c, d, g, e&gt; but was: &lt;b, h, d, e&gt;" type="org.opentest4j.AssertionFailedError"><![CDATA[org.opentest4j.AssertionFailedError: Parcours invalide ==> expected: <a, b, f, h, c, d, g, e> but was: <b, h, d, e>
	at myNiceStructures.trees.TreeTest.testIteratorWidth(TreeTest.java:244)
]]></failure>
    <system-out><![CDATA[a, b, f, h, c, d, g, e
a
f
c
g
b, h, d, e
]]></system-out>
  </testcase>
  <testcase name="testProcessNodesPrefixBigTree" classname="myNiceStructures.trees.TreeTest" time="0.016"/>
  <testcase name="testGetForest" classname="myNiceStructures.trees.TreeTest" time="0.005"/>
  <testcase name="testGetHeight" classname="myNiceStructures.trees.TreeTest" time="0"/>
  <testcase name="testProcessNodesPrefix" classname="myNiceStructures.trees.TreeTest" time="0"/>
  <testcase name="testProcessNodesSuffix" classname="myNiceStructures.trees.TreeTest" time="0"/>
  <testcase name="testProcessNodesSuffixIterator" classname="myNiceStructures.trees.TreeTest" time="0"/>
  <testcase name="testIsLeaf" classname="myNiceStructures.trees.TreeTest" time="0.001"/>
  <testcase name="testGetHeightBigTree" classname="myNiceStructures.trees.TreeTest" time="0.006">
    <error type="java.lang.StackOverflowError">java.lang.StackOverflowError
</error>
  </testcase>
  <testcase name="testGetNumLeaves" classname="myNiceStructures.trees.TreeTest" time="0"/>
</testsuite>